<?xml version="1.0" encoding="UTF-8"?>
<!-- Generated by org.testng.reporters.JUnitReportReporter -->
<testsuite hostname="Anshita" failures="0" tests="4" name="runners.TestRunner" time="15.891" errors="0" timestamp="2025-09-03T12:45:10 IST" skipped="0">
  <testcase classname="runners.TestRunner" name="runScenario" time="4.126"/>
  <testcase classname="runners.TestRunner" name="runScenario" time="3.538"/>
  <testcase classname="runners.TestRunner" name="runScenario" time="5.121"/>
  <testcase classname="runners.TestRunner" name="runScenario" time="3.106"/>
</testsuite> <!-- runners.TestRunner -->
