<?xml version="1.0" encoding="UTF-8"?>
<!-- Generated by org.testng.reporters.JUnitReportReporter -->
<testsuite hostname="Anshita" failures="0" tests="5" name="runners.TestRunner" time="59.547" errors="0" timestamp="2025-09-04T11:26:15 IST" skipped="0">
  <testcase classname="runners.TestRunner" name="runScenario" time="4.662"/>
  <testcase classname="runners.TestRunner" name="runScenario" time="6.620"/>
  <testcase classname="runners.TestRunner" name="runScenario" time="22.586"/>
  <testcase classname="runners.TestRunner" name="runScenario" time="4.286"/>
  <testcase classname="runners.TestRunner" name="runScenario" time="21.393"/>
</testsuite> <!-- runners.TestRunner -->
